1510483608366	geckodriver	INFO	Listening on 127.0.0.1:51838
1510483610427	geckodriver::marionette	INFO	Starting browser C:\Program Files\Mozilla Firefox\firefox.exe with args ["-marionette"]
1510483610755	addons.xpi	WARN	Error parsing extensions state: [Exception... "Component returned failure code: 0x80520012 (NS_ERROR_FILE_NOT_FOUND) [amIAddonManagerStartup.readStartupData]"  nsresult: "0x80520012 (NS_ERROR_FILE_NOT_FOUND)"  location: "JS frame :: resource://gre/modules/addons/XPIProvider.jsm :: loadExtensionState :: line 1554"  data: no] Stack trace: loadExtensionState()@resource://gre/modules/addons/XPIProvider.jsm:1554 < getInstallState()@resource://gre/modules/addons/XPIProvider.jsm:1589 < checkForChanges()@resource://gre/modules/addons/XPIProvider.jsm:3109 < startup()@resource://gre/modules/addons/XPIProvider.jsm:2188 < callProvider()@resource://gre/modules/AddonManager.jsm:269 < _startProvider()@resource://gre/modules/AddonManager.jsm:739 < startup()@resource://gre/modules/AddonManager.jsm:906 < startup()@resource://gre/modules/AddonManager.jsm:3090 < observe()@jar:file:///C:/Program%20Files/Mozilla%20Firefox/omni.ja!/components/addonManager.js:65
1510483611257	Marionette	INFO	Enabled via --marionette
Unable to read VR Path Registry from C:\Users\User\AppData\Local\openvr\openvrpaths.vrpath
[Parent 4520] WARNING: pipe error: 109: file z:/build/build/src/ipc/chromium/src/chrome/common/ipc_channel_win.cc, line 346
Unable to read VR Path Registry from C:\Users\User\AppData\Local\openvr\openvrpaths.vrpath
[Child 10920] WARNING: pipe error: 109: file z:/build/build/src/ipc/chromium/src/chrome/common/ipc_channel_win.cc, line 346
[Child 10920] WARNING: pipe error: 109: file z:/build/build/src/ipc/chromium/src/chrome/common/ipc_channel_win.cc, line 346
1510483613295	Marionette	INFO	Listening on port 51846
1510483613656	Marionette	WARN	TLS certificate errors will be ignored for this session
1510483613709	Marionette	DEBUG	Register listener.js for window 4294967297
1510483613751	Marionette	DEBUG	Received DOM event "beforeunload" for "about:blank"
1510483614277	Marionette	DEBUG	Received DOM event "pagehide" for "about:blank"
1510483614278	Marionette	DEBUG	Received DOM event "unload" for "about:blank"
1510483614767	Marionette	DEBUG	Received DOM event "DOMContentLoaded" for "https://web.whatsapp.com/"
1510483618923	Marionette	DEBUG	Received DOM event "pageshow" for "https://web.whatsapp.com/"
1510483619236	Marionette	DEBUG	Received DOM event "beforeunload" for "https://web.whatsapp.com/"
1510483619577	Marionette	DEBUG	Received DOM event "pagehide" for "https://web.whatsapp.com/"
1510483619578	Marionette	DEBUG	Received DOM event "unload" for "https://web.whatsapp.com/"
1510483620017	Marionette	DEBUG	Received DOM event "DOMContentLoaded" for "https://web.whatsapp.com/"
1510483622691	Marionette	DEBUG	Received DOM event "pageshow" for "https://web.whatsapp.com/"
Unable to read VR Path Registry from C:\Users\User\AppData\Local\openvr\openvrpaths.vrpath
JavaScript error: , line 0: uncaught exception: No ServiceWorker controlling this client.
JavaScript error: , line 0: uncaught exception: No ServiceWorker controlling this client.
JavaScript error: , line 0: uncaught exception: No ServiceWorker controlling this client.
JavaScript error: , line 0: uncaught exception: No ServiceWorker controlling this client.
JavaScript error: , line 0: uncaught exception: No ServiceWorker controlling this client.
JavaScript error: , line 0: uncaught exception: No ServiceWorker controlling this client.
[Child 9264] WARNING: pipe error: 109: file z:/build/build/src/ipc/chromium/src/chrome/common/ipc_channel_win.cc, line 346
Unable to read VR Path Registry from C:\Users\User\AppData\Local\openvr\openvrpaths.vrpath
[Child 11188] WARNING: pipe error: 109: file z:/build/build/src/ipc/chromium/src/chrome/common/ipc_channel_win.cc, line 346
*** UTM:SVC TimerManager:registerTimer called after profile-before-change notification. Ignoring timer registration for id: telemetry_modules_ping

###!!! [Child][MessageChannel::SendAndWait] Error: Channel error: cannot send/recv

