[INFO  - 2017-11-12T12:32:35.400Z] GhostDriver - Main - running on port 55610
[INFO  - 2017-11-12T12:32:38.900Z] Session [91ded2c0-c7a5-11e7-9cc6-413b1d925141] - page.settings - {"XSSAuditingEnabled":false,"javascriptCanCloseWindows":true,"javascriptCanOpenWindows":true,"javascriptEnabled":true,"loadImages":true,"localToRemoteUrlAccessEnabled":false,"userAgent":"Mozilla/5.0 (Windows NT 6.1; WOW64) AppleWebKit/538.1 (KHTML, like Gecko) PhantomJS/2.1.1 Safari/538.1","webSecurityEnabled":true}
[INFO  - 2017-11-12T12:32:38.900Z] Session [91ded2c0-c7a5-11e7-9cc6-413b1d925141] - page.customHeaders:  - {}
[INFO  - 2017-11-12T12:32:38.900Z] Session [91ded2c0-c7a5-11e7-9cc6-413b1d925141] - Session.negotiatedCapabilities - {"browserName":"phantomjs","version":"2.1.1","driverName":"ghostdriver","driverVersion":"1.2.0","platform":"windows-7-32bit","javascriptEnabled":true,"takesScreenshot":true,"handlesAlerts":false,"databaseEnabled":false,"locationContextEnabled":false,"applicationCacheEnabled":false,"browserConnectionEnabled":false,"cssSelectorsEnabled":true,"webStorageEnabled":false,"rotatable":false,"acceptSslCerts":false,"nativeEvents":true,"proxy":{"proxyType":"direct"}}
[INFO  - 2017-11-12T12:32:38.900Z] SessionManagerReqHand - _postNewSessionCommand - New Session Created: 91ded2c0-c7a5-11e7-9cc6-413b1d925141
[ERROR - 2017-11-12T12:32:40.281Z] WebElementLocator - _handleLocateCommand - Element(s) NOT Found: GAVE UP. Search Stop Time: 1510489960234

  phantomjs://platform/console++.js:263 in error
[ERROR - 2017-11-12T12:32:40.610Z] WebElementLocator - _handleLocateCommand - Element(s) NOT Found: GAVE UP. Search Stop Time: 1510489960555

  phantomjs://platform/console++.js:263 in error
[ERROR - 2017-11-12T12:32:40.921Z] WebElementLocator - _handleLocateCommand - Element(s) NOT Found: GAVE UP. Search Stop Time: 1510489960869

  phantomjs://platform/console++.js:263 in error
[ERROR - 2017-11-12T12:32:41.235Z] WebElementLocator - _handleLocateCommand - Element(s) NOT Found: GAVE UP. Search Stop Time: 1510489961184

  phantomjs://platform/console++.js:263 in error
[ERROR - 2017-11-12T12:32:41.547Z] WebElementLocator - _handleLocateCommand - Element(s) NOT Found: GAVE UP. Search Stop Time: 1510489961501

  phantomjs://platform/console++.js:263 in error
[ERROR - 2017-11-12T12:32:41.858Z] WebElementLocator - _handleLocateCommand - Element(s) NOT Found: GAVE UP. Search Stop Time: 1510489961805

  phantomjs://platform/console++.js:263 in error
[ERROR - 2017-11-12T12:32:42.170Z] WebElementLocator - _handleLocateCommand - Element(s) NOT Found: GAVE UP. Search Stop Time: 1510489962123

  phantomjs://platform/console++.js:263 in error
[ERROR - 2017-11-12T12:32:42.481Z] WebElementLocator - _handleLocateCommand - Element(s) NOT Found: GAVE UP. Search Stop Time: 1510489962434

  phantomjs://platform/console++.js:263 in error
[ERROR - 2017-11-12T12:32:42.795Z] WebElementLocator - _handleLocateCommand - Element(s) NOT Found: GAVE UP. Search Stop Time: 1510489962743

  phantomjs://platform/console++.js:263 in error
[ERROR - 2017-11-12T12:32:43.106Z] WebElementLocator - _handleLocateCommand - Element(s) NOT Found: GAVE UP. Search Stop Time: 1510489963054

  phantomjs://platform/console++.js:263 in error
[ERROR - 2017-11-12T12:32:43.402Z] WebElementLocator - _handleLocateCommand - Element(s) NOT Found: GAVE UP. Search Stop Time: 1510489963372

  phantomjs://platform/console++.js:263 in error
[ERROR - 2017-11-12T12:32:43.713Z] WebElementLocator - _handleLocateCommand - Element(s) NOT Found: GAVE UP. Search Stop Time: 1510489963667

  phantomjs://platform/console++.js:263 in error
[ERROR - 2017-11-12T12:32:44.009Z] WebElementLocator - _handleLocateCommand - Element(s) NOT Found: GAVE UP. Search Stop Time: 1510489963966

  phantomjs://platform/console++.js:263 in error
[ERROR - 2017-11-12T12:32:44.313Z] WebElementLocator - _handleLocateCommand - Element(s) NOT Found: GAVE UP. Search Stop Time: 1510489964273

  phantomjs://platform/console++.js:263 in error
[ERROR - 2017-11-12T12:32:44.618Z] WebElementLocator - _handleLocateCommand - Element(s) NOT Found: GAVE UP. Search Stop Time: 1510489964566

  phantomjs://platform/console++.js:263 in error
[ERROR - 2017-11-12T12:32:44.930Z] WebElementLocator - _handleLocateCommand - Element(s) NOT Found: GAVE UP. Search Stop Time: 1510489964886

  phantomjs://platform/console++.js:263 in error
[ERROR - 2017-11-12T12:32:45.243Z] WebElementLocator - _handleLocateCommand - Element(s) NOT Found: GAVE UP. Search Stop Time: 1510489965188

  phantomjs://platform/console++.js:263 in error
[ERROR - 2017-11-12T12:32:45.539Z] WebElementLocator - _handleLocateCommand - Element(s) NOT Found: GAVE UP. Search Stop Time: 1510489965495

  phantomjs://platform/console++.js:263 in error
[ERROR - 2017-11-12T12:32:45.834Z] WebElementLocator - _handleLocateCommand - Element(s) NOT Found: GAVE UP. Search Stop Time: 1510489965794

  phantomjs://platform/console++.js:263 in error
[ERROR - 2017-11-12T12:32:46.149Z] WebElementLocator - _handleLocateCommand - Element(s) NOT Found: GAVE UP. Search Stop Time: 1510489966093

  phantomjs://platform/console++.js:263 in error
[ERROR - 2017-11-12T12:32:46.444Z] WebElementLocator - _handleLocateCommand - Element(s) NOT Found: GAVE UP. Search Stop Time: 1510489966414

  phantomjs://platform/console++.js:263 in error
[ERROR - 2017-11-12T12:32:46.756Z] WebElementLocator - _handleLocateCommand - Element(s) NOT Found: GAVE UP. Search Stop Time: 1510489966710

  phantomjs://platform/console++.js:263 in error
[ERROR - 2017-11-12T12:32:47.052Z] WebElementLocator - _handleLocateCommand - Element(s) NOT Found: GAVE UP. Search Stop Time: 1510489967012

  phantomjs://platform/console++.js:263 in error
[ERROR - 2017-11-12T12:32:47.364Z] WebElementLocator - _handleLocateCommand - Element(s) NOT Found: GAVE UP. Search Stop Time: 1510489967313

  phantomjs://platform/console++.js:263 in error
[ERROR - 2017-11-12T12:32:47.676Z] WebElementLocator - _handleLocateCommand - Element(s) NOT Found: GAVE UP. Search Stop Time: 1510489967624

  phantomjs://platform/console++.js:263 in error
[ERROR - 2017-11-12T12:32:47.989Z] WebElementLocator - _handleLocateCommand - Element(s) NOT Found: GAVE UP. Search Stop Time: 1510489967942

  phantomjs://platform/console++.js:263 in error
[ERROR - 2017-11-12T12:32:48.299Z] WebElementLocator - _handleLocateCommand - Element(s) NOT Found: GAVE UP. Search Stop Time: 1510489968247

  phantomjs://platform/console++.js:263 in error
[ERROR - 2017-11-12T12:32:48.612Z] WebElementLocator - _handleLocateCommand - Element(s) NOT Found: GAVE UP. Search Stop Time: 1510489968559

  phantomjs://platform/console++.js:263 in error
[ERROR - 2017-11-12T12:32:48.924Z] WebElementLocator - _handleLocateCommand - Element(s) NOT Found: GAVE UP. Search Stop Time: 1510489968878

  phantomjs://platform/console++.js:263 in error
[ERROR - 2017-11-12T12:32:49.236Z] WebElementLocator - _handleLocateCommand - Element(s) NOT Found: GAVE UP. Search Stop Time: 1510489969187

  phantomjs://platform/console++.js:263 in error
[ERROR - 2017-11-12T12:32:49.533Z] WebElementLocator - _handleLocateCommand - Element(s) NOT Found: GAVE UP. Search Stop Time: 1510489969498

  phantomjs://platform/console++.js:263 in error
[ERROR - 2017-11-12T12:32:49.845Z] WebElementLocator - _handleLocateCommand - Element(s) NOT Found: GAVE UP. Search Stop Time: 1510489969791

  phantomjs://platform/console++.js:263 in error
[ERROR - 2017-11-12T12:32:50.157Z] WebElementLocator - _handleLocateCommand - Element(s) NOT Found: GAVE UP. Search Stop Time: 1510489970111

  phantomjs://platform/console++.js:263 in error
[ERROR - 2017-11-12T12:32:50.468Z] WebElementLocator - _handleLocateCommand - Element(s) NOT Found: GAVE UP. Search Stop Time: 1510489970421

  phantomjs://platform/console++.js:263 in error
[ERROR - 2017-11-12T12:32:50.765Z] WebElementLocator - _handleLocateCommand - Element(s) NOT Found: GAVE UP. Search Stop Time: 1510489970721

  phantomjs://platform/console++.js:263 in error
[ERROR - 2017-11-12T12:32:51.077Z] WebElementLocator - _handleLocateCommand - Element(s) NOT Found: GAVE UP. Search Stop Time: 1510489971027

  phantomjs://platform/console++.js:263 in error
[ERROR - 2017-11-12T12:32:51.389Z] WebElementLocator - _handleLocateCommand - Element(s) NOT Found: GAVE UP. Search Stop Time: 1510489971337

  phantomjs://platform/console++.js:263 in error
[ERROR - 2017-11-12T12:32:51.701Z] WebElementLocator - _handleLocateCommand - Element(s) NOT Found: GAVE UP. Search Stop Time: 1510489971653

  phantomjs://platform/console++.js:263 in error
[ERROR - 2017-11-12T12:32:52.014Z] WebElementLocator - _handleLocateCommand - Element(s) NOT Found: GAVE UP. Search Stop Time: 1510489971965

  phantomjs://platform/console++.js:263 in error
[ERROR - 2017-11-12T12:32:52.315Z] WebElementLocator - _handleLocateCommand - Element(s) NOT Found: GAVE UP. Search Stop Time: 1510489972274

  phantomjs://platform/console++.js:263 in error
[ERROR - 2017-11-12T12:32:52.622Z] WebElementLocator - _handleLocateCommand - Element(s) NOT Found: GAVE UP. Search Stop Time: 1510489972578

  phantomjs://platform/console++.js:263 in error
[ERROR - 2017-11-12T12:32:52.933Z] WebElementLocator - _handleLocateCommand - Element(s) NOT Found: GAVE UP. Search Stop Time: 1510489972885

  phantomjs://platform/console++.js:263 in error
[ERROR - 2017-11-12T12:32:53.230Z] WebElementLocator - _handleLocateCommand - Element(s) NOT Found: GAVE UP. Search Stop Time: 1510489973188

  phantomjs://platform/console++.js:263 in error
[ERROR - 2017-11-12T12:32:53.542Z] WebElementLocator - _handleLocateCommand - Element(s) NOT Found: GAVE UP. Search Stop Time: 1510489973494

  phantomjs://platform/console++.js:263 in error
[ERROR - 2017-11-12T12:32:53.839Z] WebElementLocator - _handleLocateCommand - Element(s) NOT Found: GAVE UP. Search Stop Time: 1510489973796

  phantomjs://platform/console++.js:263 in error
[ERROR - 2017-11-12T12:32:54.151Z] WebElementLocator - _handleLocateCommand - Element(s) NOT Found: GAVE UP. Search Stop Time: 1510489974103

  phantomjs://platform/console++.js:263 in error
[ERROR - 2017-11-12T12:32:54.462Z] WebElementLocator - _handleLocateCommand - Element(s) NOT Found: GAVE UP. Search Stop Time: 1510489974416

  phantomjs://platform/console++.js:263 in error
[ERROR - 2017-11-12T12:32:54.759Z] WebElementLocator - _handleLocateCommand - Element(s) NOT Found: GAVE UP. Search Stop Time: 1510489974716

  phantomjs://platform/console++.js:263 in error
[ERROR - 2017-11-12T12:32:55.071Z] WebElementLocator - _handleLocateCommand - Element(s) NOT Found: GAVE UP. Search Stop Time: 1510489975024

  phantomjs://platform/console++.js:263 in error
[ERROR - 2017-11-12T12:32:55.384Z] WebElementLocator - _handleLocateCommand - Element(s) NOT Found: GAVE UP. Search Stop Time: 1510489975330

  phantomjs://platform/console++.js:263 in error
[ERROR - 2017-11-12T12:32:55.696Z] WebElementLocator - _handleLocateCommand - Element(s) NOT Found: GAVE UP. Search Stop Time: 1510489975651

  phantomjs://platform/console++.js:263 in error
[ERROR - 2017-11-12T12:32:56.007Z] WebElementLocator - _handleLocateCommand - Element(s) NOT Found: GAVE UP. Search Stop Time: 1510489975958

  phantomjs://platform/console++.js:263 in error
[ERROR - 2017-11-12T12:32:56.318Z] WebElementLocator - _handleLocateCommand - Element(s) NOT Found: GAVE UP. Search Stop Time: 1510489976268

  phantomjs://platform/console++.js:263 in error
[ERROR - 2017-11-12T12:32:56.616Z] WebElementLocator - _handleLocateCommand - Element(s) NOT Found: GAVE UP. Search Stop Time: 1510489976573

  phantomjs://platform/console++.js:263 in error
[ERROR - 2017-11-12T12:32:56.927Z] WebElementLocator - _handleLocateCommand - Element(s) NOT Found: GAVE UP. Search Stop Time: 1510489976878

  phantomjs://platform/console++.js:263 in error
[ERROR - 2017-11-12T12:32:57.239Z] WebElementLocator - _handleLocateCommand - Element(s) NOT Found: GAVE UP. Search Stop Time: 1510489977189

  phantomjs://platform/console++.js:263 in error
[ERROR - 2017-11-12T12:32:57.550Z] WebElementLocator - _handleLocateCommand - Element(s) NOT Found: GAVE UP. Search Stop Time: 1510489977498

  phantomjs://platform/console++.js:263 in error
[ERROR - 2017-11-12T12:32:57.862Z] WebElementLocator - _handleLocateCommand - Element(s) NOT Found: GAVE UP. Search Stop Time: 1510489977816

  phantomjs://platform/console++.js:263 in error
[ERROR - 2017-11-12T12:32:58.175Z] WebElementLocator - _handleLocateCommand - Element(s) NOT Found: GAVE UP. Search Stop Time: 1510489978123

  phantomjs://platform/console++.js:263 in error
[ERROR - 2017-11-12T12:32:58.473Z] WebElementLocator - _handleLocateCommand - Element(s) NOT Found: GAVE UP. Search Stop Time: 1510489978435

  phantomjs://platform/console++.js:263 in error
[ERROR - 2017-11-12T12:32:58.784Z] WebElementLocator - _handleLocateCommand - Element(s) NOT Found: GAVE UP. Search Stop Time: 1510489978734

  phantomjs://platform/console++.js:263 in error
[ERROR - 2017-11-12T12:32:59.096Z] WebElementLocator - _handleLocateCommand - Element(s) NOT Found: GAVE UP. Search Stop Time: 1510489979048

  phantomjs://platform/console++.js:263 in error
[ERROR - 2017-11-12T12:32:59.407Z] WebElementLocator - _handleLocateCommand - Element(s) NOT Found: GAVE UP. Search Stop Time: 1510489979359

  phantomjs://platform/console++.js:263 in error
[ERROR - 2017-11-12T12:32:59.720Z] WebElementLocator - _handleLocateCommand - Element(s) NOT Found: GAVE UP. Search Stop Time: 1510489979670

  phantomjs://platform/console++.js:263 in error
[ERROR - 2017-11-12T12:33:00.032Z] WebElementLocator - _handleLocateCommand - Element(s) NOT Found: GAVE UP. Search Stop Time: 1510489979988

  phantomjs://platform/console++.js:263 in error
[ERROR - 2017-11-12T12:33:00.345Z] WebElementLocator - _handleLocateCommand - Element(s) NOT Found: GAVE UP. Search Stop Time: 1510489980289

  phantomjs://platform/console++.js:263 in error
[ERROR - 2017-11-12T12:33:00.655Z] WebElementLocator - _handleLocateCommand - Element(s) NOT Found: GAVE UP. Search Stop Time: 1510489980611

  phantomjs://platform/console++.js:263 in error
[ERROR - 2017-11-12T12:33:00.967Z] WebElementLocator - _handleLocateCommand - Element(s) NOT Found: GAVE UP. Search Stop Time: 1510489980921

  phantomjs://platform/console++.js:263 in error
[ERROR - 2017-11-12T12:33:01.280Z] WebElementLocator - _handleLocateCommand - Element(s) NOT Found: GAVE UP. Search Stop Time: 1510489981233

  phantomjs://platform/console++.js:263 in error
[ERROR - 2017-11-12T12:33:01.592Z] WebElementLocator - _handleLocateCommand - Element(s) NOT Found: GAVE UP. Search Stop Time: 1510489981538

  phantomjs://platform/console++.js:263 in error
[ERROR - 2017-11-12T12:33:01.905Z] WebElementLocator - _handleLocateCommand - Element(s) NOT Found: GAVE UP. Search Stop Time: 1510489981850

  phantomjs://platform/console++.js:263 in error
[ERROR - 2017-11-12T12:33:02.215Z] WebElementLocator - _handleLocateCommand - Element(s) NOT Found: GAVE UP. Search Stop Time: 1510489982163

  phantomjs://platform/console++.js:263 in error
[ERROR - 2017-11-12T12:33:02.529Z] WebElementLocator - _handleLocateCommand - Element(s) NOT Found: GAVE UP. Search Stop Time: 1510489982479

  phantomjs://platform/console++.js:263 in error
[ERROR - 2017-11-12T12:33:02.841Z] WebElementLocator - _handleLocateCommand - Element(s) NOT Found: GAVE UP. Search Stop Time: 1510489982783

  phantomjs://platform/console++.js:263 in error
[ERROR - 2017-11-12T12:33:03.153Z] WebElementLocator - _handleLocateCommand - Element(s) NOT Found: GAVE UP. Search Stop Time: 1510489983103

  phantomjs://platform/console++.js:263 in error
[ERROR - 2017-11-12T12:33:03.464Z] WebElementLocator - _handleLocateCommand - Element(s) NOT Found: GAVE UP. Search Stop Time: 1510489983420

  phantomjs://platform/console++.js:263 in error
[ERROR - 2017-11-12T12:33:03.775Z] WebElementLocator - _handleLocateCommand - Element(s) NOT Found: GAVE UP. Search Stop Time: 1510489983728

  phantomjs://platform/console++.js:263 in error
[ERROR - 2017-11-12T12:33:04.089Z] WebElementLocator - _handleLocateCommand - Element(s) NOT Found: GAVE UP. Search Stop Time: 1510489984035

  phantomjs://platform/console++.js:263 in error
[ERROR - 2017-11-12T12:33:04.401Z] WebElementLocator - _handleLocateCommand - Element(s) NOT Found: GAVE UP. Search Stop Time: 1510489984351

  phantomjs://platform/console++.js:263 in error
[ERROR - 2017-11-12T12:33:04.712Z] WebElementLocator - _handleLocateCommand - Element(s) NOT Found: GAVE UP. Search Stop Time: 1510489984663

  phantomjs://platform/console++.js:263 in error
[ERROR - 2017-11-12T12:33:05.025Z] WebElementLocator - _handleLocateCommand - Element(s) NOT Found: GAVE UP. Search Stop Time: 1510489984976

  phantomjs://platform/console++.js:263 in error
[ERROR - 2017-11-12T12:33:05.337Z] WebElementLocator - _handleLocateCommand - Element(s) NOT Found: GAVE UP. Search Stop Time: 1510489985283

  phantomjs://platform/console++.js:263 in error
[ERROR - 2017-11-12T12:33:05.647Z] WebElementLocator - _handleLocateCommand - Element(s) NOT Found: GAVE UP. Search Stop Time: 1510489985595

  phantomjs://platform/console++.js:263 in error
[ERROR - 2017-11-12T12:33:05.959Z] WebElementLocator - _handleLocateCommand - Element(s) NOT Found: GAVE UP. Search Stop Time: 1510489985906

  phantomjs://platform/console++.js:263 in error
[ERROR - 2017-11-12T12:33:06.271Z] WebElementLocator - _handleLocateCommand - Element(s) NOT Found: GAVE UP. Search Stop Time: 1510489986222

  phantomjs://platform/console++.js:263 in error
[ERROR - 2017-11-12T12:33:06.585Z] WebElementLocator - _handleLocateCommand - Element(s) NOT Found: GAVE UP. Search Stop Time: 1510489986534

  phantomjs://platform/console++.js:263 in error
[ERROR - 2017-11-12T12:33:06.912Z] WebElementLocator - _handleLocateCommand - Element(s) NOT Found: GAVE UP. Search Stop Time: 1510489986855

  phantomjs://platform/console++.js:263 in error
[ERROR - 2017-11-12T12:33:07.222Z] WebElementLocator - _handleLocateCommand - Element(s) NOT Found: GAVE UP. Search Stop Time: 1510489987170

  phantomjs://platform/console++.js:263 in error
[ERROR - 2017-11-12T12:33:07.535Z] WebElementLocator - _handleLocateCommand - Element(s) NOT Found: GAVE UP. Search Stop Time: 1510489987482

  phantomjs://platform/console++.js:263 in error
[ERROR - 2017-11-12T12:33:07.847Z] WebElementLocator - _handleLocateCommand - Element(s) NOT Found: GAVE UP. Search Stop Time: 1510489987793

  phantomjs://platform/console++.js:263 in error
[ERROR - 2017-11-12T12:33:08.160Z] WebElementLocator - _handleLocateCommand - Element(s) NOT Found: GAVE UP. Search Stop Time: 1510489988113

  phantomjs://platform/console++.js:263 in error
[ERROR - 2017-11-12T12:33:08.471Z] WebElementLocator - _handleLocateCommand - Element(s) NOT Found: GAVE UP. Search Stop Time: 1510489988427

  phantomjs://platform/console++.js:263 in error
[ERROR - 2017-11-12T12:33:08.785Z] WebElementLocator - _handleLocateCommand - Element(s) NOT Found: GAVE UP. Search Stop Time: 1510489988733

  phantomjs://platform/console++.js:263 in error
[ERROR - 2017-11-12T12:33:09.095Z] WebElementLocator - _handleLocateCommand - Element(s) NOT Found: GAVE UP. Search Stop Time: 1510489989048

  phantomjs://platform/console++.js:263 in error
[ERROR - 2017-11-12T12:33:09.408Z] WebElementLocator - _handleLocateCommand - Element(s) NOT Found: GAVE UP. Search Stop Time: 1510489989360

  phantomjs://platform/console++.js:263 in error
[ERROR - 2017-11-12T12:33:09.720Z] WebElementLocator - _handleLocateCommand - Element(s) NOT Found: GAVE UP. Search Stop Time: 1510489989674

  phantomjs://platform/console++.js:263 in error
[ERROR - 2017-11-12T12:33:10.033Z] WebElementLocator - _handleLocateCommand - Element(s) NOT Found: GAVE UP. Search Stop Time: 1510489989985

  phantomjs://platform/console++.js:263 in error
[ERROR - 2017-11-12T12:33:10.344Z] WebElementLocator - _handleLocateCommand - Element(s) NOT Found: GAVE UP. Search Stop Time: 1510489990296

  phantomjs://platform/console++.js:263 in error
